<?xml version="1.0" encoding="UTF-8"?>
<!-- Generated by org.testng.reporters.JUnitReportReporter -->
<testsuite skipped="0" hostname="Sanket-PC" name="DemoProject.E2EProject.ValidateOrderHistory" tests="1" failures="0" timestamp="2020-12-08T17:23:39 CAT" time="9.731" errors="0">
  <testcase name="basePage" time="9.731" classname="DemoProject.E2EProject.ValidateOrderHistory"/>
  <system-out/>
</testsuite> <!-- DemoProject.E2EProject.ValidateOrderHistory -->
